make all --print-data-base --no-builtin-variables --no-builtin-rules --question
# GNU Make 3.81
# Copyright (C) 2006  Free Software Foundation, Inc.
# This is free software; see the source for copying conditions.
# There is NO warranty; not even for MERCHANTABILITY or FITNESS FOR A
# PARTICULAR PURPOSE.

# This program built for i386-apple-darwin11.3.0

# Make data base, printed on Wed Aug 24 00:45:19 2022

# Variables

# automatic
<D = $(patsubst %/,%,$(dir $<))
# automatic
?F = $(notdir $?)
# makefile (from `Makefile', line 6)
OBJ = $(SRCS:.c=.o)
# environment
VSCODE_LOG_NATIVE = false
# automatic
?D = $(patsubst %/,%,$(dir $?))
# automatic
@D = $(patsubst %/,%,$(dir $@))
# automatic
@F = $(notdir $@)
# makefile
CURDIR := /Users/sel-jala/Desktop/push_swap_fv
# makefile
SHELL = /bin/sh
# environment
VSCODE_NLS_CONFIG = {"locale":"en-us","availableLanguages":{},"_languagePackSupport":true}
# environment
_ = /usr/bin/make
# makefile (from `Makefile', line 1)
MAKEFILE_LIST :=  Makefile
# environment
VSCODE_VERBOSE_LOGGING = true
# environment
VSCODE_IPC_HOOK_EXTHOST = /var/folders/zz/zyxvpxvq6csfxvn_n000cfmr0033n6/T/vscode-ipc-0bc72ca3-9cb2-417e-b46b-3538abe55e5e.sock
# environment
VSCODE_CWD = /
# environment
PATH = /usr/local/bin:/usr/bin:/bin:/usr/sbin:/sbin:/usr/local/munki
# environment
LSCOLORS = Gxfxcxdxbxegedabagacad
# environment
VSCODE_LOG_STACK = false
# environment
ELECTRON_RUN_AS_NODE = 1
# default
.FEATURES := target-specific order-only second-expansion else-if archives jobserver check-symlink
# environment
SSH_AUTH_SOCK = /private/tmp/com.apple.launchd.q7TNeAvbIT/Listeners
# automatic
%F = $(notdir $%)
# environment
VSCODE_PIPE_LOGGING = true
# environment
PWD = /Users/sel-jala/Desktop/push_swap_fv
# environment
ORIGINAL_XDG_CURRENT_DESKTOP = undefined
# environment
VSCODE_AMD_ENTRYPOINT = vs/workbench/api/node/extensionHostProcess
# environment
HOME = /Users/sel-jala
# default
MAKEFILEPATH = $(shell /usr/bin/xcode-select -print-path 2>/dev/null || echo /Developer)/Makefiles
# environment
VSCODE_CODE_CACHE_PATH = /Users/sel-jala/Library/Application Support/Code/CachedData/57fd6d0195bb9b9d1b49f6da5db789060795de47
# environment
LOGNAME = sel-jala
# environment
APPLICATION_INSIGHTS_NO_DIAGNOSTIC_CHANNEL = 1
# environment
ZSH = /Users/sel-jala/.oh-my-zsh
# environment
VSCODE_HANDLES_UNCAUGHT_ERRORS = true
# automatic
^D = $(patsubst %/,%,$(dir $^))
# environment
XPC_FLAGS = 0x0
# default
MAKE = $(MAKE_COMMAND)
# default
MAKECMDGOALS := all
# makefile (from `Makefile', line 3)
SRCS = utils.c utils_str.c utils_a.c stack_a_operations.c stack_b_operations.c stack_ab_operations.c sort.c simple_sort.c parsing.c init_stack.c handling_errors.c compl_sort.c manage_groups.c push.c
# environment
SHLVL = 1
# default
MAKE_VERSION := 3.81
# environment
USER = sel-jala
# makefile
.DEFAULT_GOAL := all
# makefile (from `Makefile', line 7)
INCLUDE = push_swap.h
# makefile (from `Makefile', line 1)
NAME = push_swap.a
# environment
LESS = -R
# automatic
%D = $(patsubst %/,%,$(dir $%))
# default
MAKE_COMMAND := /Library/Developer/CommandLineTools/usr/bin/make
# default
.VARIABLES := 
# environment
TMPDIR = /var/folders/zz/zyxvpxvq6csfxvn_n000cfmr0033n6/T/
# automatic
*F = $(notdir $*)
# environment
VSCODE_IPC_HOOK = /Users/sel-jala/Library/Application Support/Code/1.67.0-main.sock
# makefile
MAKEFLAGS = Rrqp
# environment
MFLAGS = -Rrqp
# automatic
*D = $(patsubst %/,%,$(dir $*))
# makefile (from `Makefile', line 2)
MAIN = push_swap.c
# environment
XPC_SERVICE_NAME = com.microsoft.VSCode.2236
# automatic
+D = $(patsubst %/,%,$(dir $+))
# automatic
+F = $(notdir $+)
# environment
__CF_USER_TEXT_ENCODING = 0x18EA6:0x0:0x0
# default
MAKEFILES := 
# automatic
<F = $(notdir $<)
# environment
PAGER = less
# environment
LC_ALL = C
# automatic
^F = $(notdir $^)
# default
SUFFIXES := 
# default
.INCLUDE_DIRS = /usr/local/include
# environment
MAKELEVEL := 0
# environment
LANG = C
# environment
VSCODE_PID = 8456
# variable set hash-table stats:
# Load=69/1024=7%, Rehash=0, Collisions=7/103=7%

# Pattern-specific Variable Values

# No pattern-specific variable values.

# Directories

# . (device 16777225, inode 1385937): 38 files, no impossibilities.

# 38 files, no impossibilities in 1 directories.

# Implicit Rules

%.o: %.c
#  commands to execute (from `Makefile', line 27):
	gcc $(FLG) -c $< -I $(INCLUDE)
	

# 1 implicit rules, 0 (0.0%) terminal.

# Files

# Not a target:
stack_a_operations.c:
#  Implicit rule search has been done.
#  Last modified 2022-08-22 18:07:54
#  File has been updated.
#  Successfully updated.
# variable set hash-table stats:
# Load=0/32=0%, Rehash=0, Collisions=0/0=0%

simple_sort.o: simple_sort.c
#  Implicit rule search has been done.
#  Implicit/static pattern stem: `simple_sort'
#  Last modified 2022-08-22 23:32:10
#  File has been updated.
#  Successfully updated.
# variable set hash-table stats:
# Load=0/32=0%, Rehash=0, Collisions=0/0=0%
#  commands to execute (from `Makefile', line 27):
	gcc $(FLG) -c $< -I $(INCLUDE)
	

stack_ab_operations.o: stack_ab_operations.c
#  Implicit rule search has been done.
#  Implicit/static pattern stem: `stack_ab_operations'
#  Last modified 2022-08-22 23:32:10
#  File has been updated.
#  Successfully updated.
# variable set hash-table stats:
# Load=0/32=0%, Rehash=0, Collisions=0/0=0%
#  commands to execute (from `Makefile', line 27):
	gcc $(FLG) -c $< -I $(INCLUDE)
	

# Not a target:
push_swap.c:
#  Implicit rule search has been done.
#  Last modified 2022-08-22 18:23:09
#  File has been updated.
#  Successfully updated.
# variable set hash-table stats:
# Load=0/32=0%, Rehash=0, Collisions=0/0=0%

all: push_swap
#  Command-line target.
#  Implicit rule search has been done.
#  File does not exist.
#  File has been updated.
#  Needs to be updated (-q is set).
# variable set hash-table stats:
# Load=0/32=0%, Rehash=0, Collisions=0/4=0%

# Not a target:
utils_str.c:
#  Implicit rule search has been done.
#  Last modified 2022-08-22 15:28:59
#  File has been updated.
#  Successfully updated.
# variable set hash-table stats:
# Load=0/32=0%, Rehash=0, Collisions=0/0=0%

# Not a target:
utils.c:
#  Implicit rule search has been done.
#  Last modified 2022-08-22 18:11:50
#  File has been updated.
#  Successfully updated.
# variable set hash-table stats:
# Load=0/32=0%, Rehash=0, Collisions=0/0=0%

# Not a target:
push.o:
#  Implicit rule search has not been done.
#  Modification time never checked.
#  File has not been updated.

compl_sort.o: compl_sort.c
#  Implicit rule search has been done.
#  Implicit/static pattern stem: `compl_sort'
#  Last modified 2022-08-23 00:18:49
#  File has been updated.
#  Successfully updated.
# variable set hash-table stats:
# Load=0/32=0%, Rehash=0, Collisions=0/0=0%
#  commands to execute (from `Makefile', line 27):
	gcc $(FLG) -c $< -I $(INCLUDE)
	

# Not a target:
parsing.c:
#  Implicit rule search has been done.
#  Last modified 2022-08-22 18:20:45
#  File has been updated.
#  Successfully updated.
# variable set hash-table stats:
# Load=0/32=0%, Rehash=0, Collisions=0/0=0%

# Not a target:
stack_b_operations.c:
#  Implicit rule search has been done.
#  Last modified 2022-08-22 17:56:17
#  File has been updated.
#  Successfully updated.
# variable set hash-table stats:
# Load=0/32=0%, Rehash=0, Collisions=0/0=0%

# Not a target:
push_swap.h:
#  Implicit rule search has been done.
#  Last modified 2022-08-22 18:14:07
#  File has been updated.
#  Successfully updated.
# variable set hash-table stats:
# Load=0/32=0%, Rehash=0, Collisions=0/0=0%

# Not a target:
handling_errors.c:
#  Implicit rule search has been done.
#  Last modified 2022-08-22 18:12:51
#  File has been updated.
#  Successfully updated.
# variable set hash-table stats:
# Load=0/32=0%, Rehash=0, Collisions=0/0=0%

# Not a target:
.SUFFIXES:
#  Implicit rule search has not been done.
#  Modification time never checked.
#  File has not been updated.

init_stack.o: init_stack.c
#  Implicit rule search has been done.
#  Implicit/static pattern stem: `init_stack'
#  Last modified 2022-08-22 23:32:10
#  File has been updated.
#  Successfully updated.
# variable set hash-table stats:
# Load=0/32=0%, Rehash=0, Collisions=0/0=0%
#  commands to execute (from `Makefile', line 27):
 
	gcc $(FLG) -c $< -I $(INCLUDE)
	

# Not a target:
Makefile:
#  Implicit rule search has been done.
#  Last modified 2022-08-22 18:12:07
#  File has been updated.
#  Successfully updated.
# variable set hash-table stats:
# Load=0/32=0%, Rehash=0, Collisions=0/0=0%

# Not a target:
utils_a.c:
#  Implicit rule search has been done.
#  Last modified 2022-08-22 18:13:55
#  File has been updated.
#  Successfully updated.
# variable set hash-table stats:
# Load=0/32=0%, Rehash=0, Collisions=0/0=0%

sort.o: sort.c
#  Implicit rule search has been done.
#  Implicit/static pattern stem: `sort'
#  Last modified 2022-08-22 23:32:10
#  File has been updated.
#  Successfully updated.
# variable set hash-table stats:
# Load=0/32=0%, Rehash=0, Collisions=0/0=0%
#  commands to execute (from `Makefile', line 27):
	gcc $(FLG) -c $< -I $(INCLUDE)
	

# Not a target:
simple_sort.c:
#  Implicit rule search has been done.
#  Last modified 2022-08-22 17:05:30
#  File has been updated.
#  Successfully updated.
# variable set hash-table stats:
# Load=0/32=0%, Rehash=0, Collisions=0/0=0%

# Not a target:
stack_ab_operations.c:
#  Implicit rule search has been done.
#  Last modified 2022-08-22 17:55:36
#  File has been updated.
#  Successfully updated.
# variable set hash-table stats:
# Load=0/32=0%, Rehash=0, Collisions=0/0=0%

fclean: clean
#  Implicit rule search has not been done.
#  Modification time never checked.
#  File has not been updated.
#  commands to execute (from `Makefile', line 23):
	/bin/rm -f $(NAME)
	

# Not a target:
compl_sort.c:
#  Implicit rule search has been done.
#  Last modified 2022-08-23 00:17:12
#  File has been updated.
#  Successfully updated.
# variable set hash-table stats:
# Load=0/32=0%, Rehash=0, Collisions=0/0=0%

# Not a target:
.DEFAULT:
#  Implicit rule search has not been done.
#  Modification time never checked.
#  File has not been updated.

manage_groups.o: manage_groups.c
#  Implicit rule search has been done.
#  Implicit/static pattern stem: `manage_groups'
#  Last modified 2022-08-23 00:18:49
#  File has been updated.
#  Needs to be updated (-q is set).
# automatic
# @ := manage_groups.o
# automatic
# % := 
# automatic
# * := manage_groups
# automatic
# + := manage_groups.c
# automatic
# | := 
# automatic
# < := manage_groups.c
# automatic
# ^ := manage_groups.c
# automatic
# ? := manage_groups.c
# variable set hash-table stats:
# Load=8/32=25%, Rehash=0, Collisions=2/13=15%
#  commands to execute (from `Makefile', line 27):
	gcc $(FLG) -c $< -I $(INCLUDE)
	

# Not a target:
init_stack.c:
#  Implicit rule search has been done.
#  Last modified 2022-08-22 17:05:13
#  File has been updated.
#  Successfully updated.
# variable set hash-table stats:
# Load=0/32=0%, Rehash=0, Collisions=0/0=0%

re: fclean all
#  Implicit rule search has not been done.
#  Modification time never checked.
#  File has not been updated.

# Not a target:
sort.c:
#  Implicit rule search has been done.
#  Last modified 2022-08-22 16:59:26
#  File has been updated.
#  Successfully updated.
# variable set hash-table stats:
# Load=0/32=0%, Rehash=0, Collisions=0/0=0%

stack_a_operations.o: stack_a_operations.c
#  Implicit rule search has been done.
#  Implicit/static pattern stem: `stack_a_operations'
#  Last modified 2022-08-22 23:32:10
#  File has been updated.
#  Successfully updated.
# variable set hash-table stats:
# Load=0/32=0%, Rehash=0, Collisions=0/0=0%
#  commands to execute (from `Makefile', line 27):
	gcc $(FLG) -c $< -I $(INCLUDE)
	

clean:
#  Implicit rule search has not been done.
#  Modification time never checked.
#  File has not been updated.
#  commands to execute (from `Makefile', line 20):
	/bin/rm -f $(OBJ)
	

push_swap: push_swap.c push_swap.h push_swap.a
#  Implicit rule search has not been done.
#  Last modified 2022-08-23 00:18:49
#  File has been updated.
#  Needs to be updated (-q is set).
# variable set hash-table stats:
# Load=0/32=0%, Rehash=0, Collisions=0/4=0%
#  commands to execute (from `Makefile', line 14):
	gcc  $(MAIN) -I $(INCLUDE) $(NAME) -o push_swap
	

utils_str.o: utils_str.c
#  Implicit rule search has been done.
#  Implicit/static pattern stem: `utils_str'
#  Last modified 2022-08-22 23:32:10
#  File has been updated.
#  Successfully updated.
# variable set hash-table stats:
# Load=0/32=0%, Rehash=0, Collisions=0/0=0%
#  commands to execute (from `Makefile', line 27):
	gcc $(FLG) -c $< -I $(INCLUDE)
	

utils.o: utils.c
#  Implicit rule search has been done.
#  Implicit/static pattern stem: `utils'
#  Last modified 2022-08-22 23:32:10
#  File has been updated.
#  Successfully updated.
# variable set hash-table stats:
# Load=0/32=0%, Rehash=0, Collisions=0/0=0%
#  commands to execute (from `Makefile', line 27):
	gcc $(FLG) -c $< -I $(INCLUDE)
	

push_swap.a: utils.o utils_str.o utils_a.o stack_a_operations.o stack_b_operations.o stack_ab_operations.o sort.o simple_sort.o parsing.o init_stack.o handling_errors.o compl_sort.o manage_groups.o push.o
#  Implicit rule search has not been done.
#  Last modified 2022-08-23 00:18:49
#  File has been updated.
#  Needs to be updated (-q is set).
# variable set hash-table stats:
# Load=0/32=0%, Rehash=0, Collisions=0/4=0%
#  commands to execute (from `Makefile', line 16):
	ar rcs $(NAME) $(OBJ)
	

parsing.o: parsing.c
#  Implicit rule search has been done.
#  Implicit/static pattern stem: `parsing'
#  Last modified 2022-08-22 23:32:10
#  File has been updated.
#  Successfully updated.
# variable set hash-table stats:
# Load=0/32=0%, Rehash=0, Collisions=0/0=0%
#  commands to execute (from `Makefile', line 27):
	gcc $(FLG) -c $< -I $(INCLUDE)
	

stack_b_operations.o: stack_b_operations.c
#  Implicit rule search has been done.
#  Implicit/static pattern stem: `stack_b_operations'
#  Last modified 2022-08-22 23:32:10
#  File has been updated.
#  Successfully updated.
# variable set hash-table stats:
# Load=0/32=0%, Rehash=0, Collisions=0/0=0%
#  commands to execute (from `Makefile', line 27):
	gcc $(FLG) -c $< -I $(INCLUDE)
	

handling_errors.o: handling_errors.c
#  Implicit rule search has been done.
#  Implicit/static pattern stem: `handling_errors'
#  Last modified 2022-08-22 23:32:10
#  File has been updated.
#  Successfully updated.
# variable set hash-table stats:
# Load=0/32=0%, Rehash=0, Collisions=0/0=0%
#  commands to execute (from `Makefile', line 27):
	gcc $(FLG) -c $< -I $(INCLUDE)
	

# Not a target:
manage_groups.c:
#  Implicit rule search has been done.
#  Last modified 2022-08-23 00:19:14
#  File has been updated.
#  Successfully updated.
# variable set hash-table stats:
# Load=0/32=0%, Rehash=0, Collisions=0/0=0%

utils_a.o: utils_a.c
#  Implicit rule search has been done.
#  Implicit/static pattern stem: `utils_a'
#  Last modified 2022-08-22 23:32:10
#  File has been updated.
#  Successfully updated.
# variable set hash-table stats:
# Load=0/32=0%, Rehash=0, Collisions=0/0=0%
#  commands to execute (from `Makefile', line 27):
	gcc $(FLG) -c $< -I $(INCLUDE)
	

# files hash-table stats:
# Load=38/1024=4%, Rehash=0, Collisions=5/111=5%
# VPATH Search Paths

# No `vpath' search paths.

# No general (`VPATH' variable) search path.

# # of strings in strcache: 1
# # of strcache buffers: 1
# strcache size: total = 4096 / max = 4096 / min = 4096 / avg = 4096
# strcache free: total = 4087 / max = 4087 / min = 4087 / avg = 4087

# Finished Make data base on Wed Aug 24 00:45:19 2022

 
